<?xml version="1.0" encoding="UTF-8"?>
<testng-results ignored="0" total="1" passed="1" failed="0" skipped="0">
  <reporter-output>
  </reporter-output>
  <suite started-at="2024-11-14T12:53:10 IST" name="Default suite" finished-at="2024-11-14T12:53:13 IST" duration-ms="3116">
    <groups>
    </groups>
    <test started-at="2024-11-14T12:53:10 IST" name="Default test" finished-at="2024-11-14T12:53:13 IST" duration-ms="3116">
      <class name="pack1.GET_AllBooks_BDD">
        <test-method signature="getbooks()[pri:0, instance:pack1.GET_AllBooks_BDD@2d52216b]" started-at="2024-11-14T12:53:10 IST" name="getbooks" finished-at="2024-11-14T12:53:13 IST" duration-ms="3076" status="PASS">
          <reporter-output>
          </reporter-output>
        </test-method> <!-- getbooks -->
      </class> <!-- pack1.GET_AllBooks_BDD -->
    </test> <!-- Default test -->
  </suite> <!-- Default suite -->
</testng-results>
